C51 COMPILER V9.03   ALTERLED                                                              02/14/2013 21:46:47 PAGE 1   


C51 COMPILER V9.03, COMPILATION OF MODULE ALTERLED
OBJECT MODULE PLACED IN alterled.OBJ
COMPILER INVOKED BY: C:\Keil\C51\BIN\C51.EXE alterled.c BROWSE DEBUG OBJECTEXTEND

line level    source

   1          #include<regx51.h>
   2          
   3          
   4          void main()
   5          {
   6   1      
   7   1      P1=0xAA;
   8   1      
   9   1      
  10   1      }


MODULE INFORMATION:   STATIC OVERLAYABLE
   CODE SIZE        =      4    ----
   CONSTANT SIZE    =   ----    ----
   XDATA SIZE       =   ----    ----
   PDATA SIZE       =   ----    ----
   DATA SIZE        =   ----    ----
   IDATA SIZE       =   ----    ----
   BIT SIZE         =   ----    ----
END OF MODULE INFORMATION.


C51 COMPILATION COMPLETE.  0 WARNING(S),  0 ERROR(S)
