C51 COMPILER V9.03   ARMBASE                                                               03/01/2013 16:17:32 PAGE 1   


C51 COMPILER V9.03, COMPILATION OF MODULE ARMBASE
OBJECT MODULE PLACED IN armbase.OBJ
COMPILER INVOKED BY: C:\Keil\C51\BIN\C51.EXE armbase.c BROWSE DEBUG OBJECTEXTEND

line level    source

   1          #include<regx51.h>
   2          
   3          sbit swtc=P1^0;
   4          sbit swta=P1^1;
   5           
   6          void delayms(unsigned int i)
   7          {
   8   1       int c=0;
   9   1       while(c<i)
  10   1       {
  11   2        TMOD=0x01;
  12   2        TH0=0xFC;
  13   2        TL0=0x66;
  14   2        TR0=1;
  15   2        while(!TF0);
  16   2        TR0=0;
  17   2        TL0=0;
  18   2        c++;
  19   2       }
  20   1      
  21   1      }
  22          
  23          void motor(int i)
  24          {
  25   1              while((swta==1)||(swtc==1))
  26   1              {
  27   2                 if(i==1)
  28   2                 {
  29   3                          P3=0x0c;
  30   3                          delayms(2000);
  31   3                          P3=0x06;
  32   3                      delayms(2000);
  33   3                      
  34   3                          P3=0x03;
  35   3                              delayms(2000);
  36   3                                      
  37   3                          P3=0x09;
  38   3                          delayms(2000);
  39   3                      }
  40   2                      else if(i==2)
  41   2                      {
  42   3                                 P3=0x09;
  43   3                                  delayms(2000);
  44   3                                  P3=0x03;
  45   3                              delayms(2000);
  46   3                              
  47   3                                  P3=0x06;
  48   3                                      delayms(2000);
  49   3                                              
  50   3                                  P3=0x0C;
  51   3                                  delayms(2000);
  52   3                      }
  53   2        }
  54   1      
  55   1      }
C51 COMPILER V9.03   ARMBASE                                                               03/01/2013 16:17:32 PAGE 2   

  56          
  57          
  58          void main()
  59          {
  60   1      swtc=1;
  61   1      swtc=0;
  62   1      swta=1;
  63   1      swta=0;
  64   1      
  65   1      
  66   1      while(1)
  67   1      {
  68   2      
  69   2      if((swtc==1)&&(swta==1))
  70   2      P3=0x00;
  71   2      
  72   2      else if((swtc==0)&&(swta==0))
  73   2      P3=0x00;
  74   2      
  75   2      else if((swtc==1)&&(swta==0))
  76   2      motor(1);
  77   2      
  78   2      else if((swtc==0)&&(swta==1))
  79   2      motor(2);
  80   2      
  81   2      else
  82   2      P3=0x00;
  83   2      }
  84   1      
  85   1      }


MODULE INFORMATION:   STATIC OVERLAYABLE
   CODE SIZE        =    168    ----
   CONSTANT SIZE    =   ----    ----
   XDATA SIZE       =   ----    ----
   PDATA SIZE       =   ----    ----
   DATA SIZE        =   ----    ----
   IDATA SIZE       =   ----    ----
   BIT SIZE         =   ----    ----
END OF MODULE INFORMATION.


C51 COMPILATION COMPLETE.  0 WARNING(S),  0 ERROR(S)
