C51 COMPILER V9.03   SWTON                                                                 02/14/2013 22:16:59 PAGE 1   


C51 COMPILER V9.03, COMPILATION OF MODULE SWTON
OBJECT MODULE PLACED IN swton.OBJ
COMPILER INVOKED BY: C:\Keil\C51\BIN\C51.EXE swton.c BROWSE DEBUG OBJECTEXTEND

line level    source

   1          //program for LED on using switch
   2          //switch connected with P3^0
   3          //LED connected with P1^0;
   4          #include<regx51.h>
   5           sbit swtch=P3^0;
   6          void main()                     
   7          {       
   8   1              swtch=1;
   9   1      
  10   1              while(1)
  11   1              {
  12   2                 if(swtch==1)
  13   2                 P1=0x01;
  14   2                 else
  15   2                 P1=0x00;
  16   2      
  17   2      
  18   2      
  19   2              }
  20   1      
  21   1      
  22   1      
  23   1      }


MODULE INFORMATION:   STATIC OVERLAYABLE
   CODE SIZE        =     15    ----
   CONSTANT SIZE    =   ----    ----
   XDATA SIZE       =   ----    ----
   PDATA SIZE       =   ----    ----
   DATA SIZE        =   ----    ----
   IDATA SIZE       =   ----    ----
   BIT SIZE         =   ----    ----
END OF MODULE INFORMATION.


C51 COMPILATION COMPLETE.  0 WARNING(S),  0 ERROR(S)
