C51 COMPILER V9.03   LEDONOFF                                                              02/14/2013 22:19:04 PAGE 1   


C51 COMPILER V9.03, COMPILATION OF MODULE LEDONOFF
OBJECT MODULE PLACED IN ledonoff.OBJ
COMPILER INVOKED BY: C:\Keil\C51\BIN\C51.EXE ledonoff.c BROWSE DEBUG OBJECTEXTEND

line level    source

   1          //program for LED on/off using delay, LED connected with P1^0
   2          
   3          #include<regx51.h>                                                                                                                                                 
   4          
   5                   
   6                                           void delayms(unsigned int i)
   7          {
   8   1       int c=0;
   9   1       while(c<i)
  10   1       {
  11   2        TMOD=0x01;
  12   2        TH0=0xFC;
  13   2        TL0=0x66;
  14   2        TR0=1;
  15   2        while(!TF0);
  16   2        TR0=0;
  17   2        TL0=0;
  18   2        c++;
  19   2       }
  20   1      
  21   1      }
  22          
  23          
  24          
  25          
  26          void main()
  27          {
  28   1      while(1)
  29   1      {
  30   2      P1=0x01;
  31   2      delayms(1000);
  32   2      P1=0x00;
  33   2      delayms(1000);
  34   2      
  35   2      
  36   2      
  37   2      }
  38   1      
  39   1      
  40   1      }
  41          
  42          


MODULE INFORMATION:   STATIC OVERLAYABLE
   CODE SIZE        =     55    ----
   CONSTANT SIZE    =   ----    ----
   XDATA SIZE       =   ----    ----
   PDATA SIZE       =   ----    ----
   DATA SIZE        =   ----    ----
   IDATA SIZE       =   ----    ----
   BIT SIZE         =   ----    ----
END OF MODULE INFORMATION.


C51 COMPILATION COMPLETE.  0 WARNING(S),  0 ERROR(S)
