C51 COMPILER V9.03   LEDON                                                                 02/14/2013 22:14:35 PAGE 1   


C51 COMPILER V9.03, COMPILATION OF MODULE LEDON
OBJECT MODULE PLACED IN LEDON.OBJ
COMPILER INVOKED BY: C:\Keil\C51\BIN\C51.EXE LEDON.C BROWSE DEBUG OBJECTEXTEND

line level    source

   1          //program for single LED on connected with p1^0
   2          #include<regx51.h>
   3          
   4          void main()
   5          {
   6   1      P1=0x01;
   7   1      }


MODULE INFORMATION:   STATIC OVERLAYABLE
   CODE SIZE        =      4    ----
   CONSTANT SIZE    =   ----    ----
   XDATA SIZE       =   ----    ----
   PDATA SIZE       =   ----    ----
   DATA SIZE        =   ----    ----
   IDATA SIZE       =   ----    ----
   BIT SIZE         =   ----    ----
END OF MODULE INFORMATION.


C51 COMPILATION COMPLETE.  0 WARNING(S),  0 ERROR(S)
