C51 COMPILER V9.03   DCMOTOR                                                               03/01/2013 13:10:45 PAGE 1   


C51 COMPILER V9.03, COMPILATION OF MODULE DCMOTOR
OBJECT MODULE PLACED IN dcmotor.OBJ
COMPILER INVOKED BY: C:\Keil\C51\BIN\C51.EXE dcmotor.c BROWSE DEBUG OBJECTEXTEND

line level    source

   1          #include<regx51.h>
   2          
   3          
   4          
   5          void main()
   6          {
   7   1      
   8   1      P1=0x01;
   9   1      P3=0x01;
  10   1      
  11   1      }


MODULE INFORMATION:   STATIC OVERLAYABLE
   CODE SIZE        =      7    ----
   CONSTANT SIZE    =   ----    ----
   XDATA SIZE       =   ----    ----
   PDATA SIZE       =   ----    ----
   DATA SIZE        =   ----    ----
   IDATA SIZE       =   ----    ----
   BIT SIZE         =   ----    ----
END OF MODULE INFORMATION.


C51 COMPILATION COMPLETE.  0 WARNING(S),  0 ERROR(S)
