C51 COMPILER V9.03   SEQUNLED                                                              02/14/2013 22:26:28 PAGE 1   


C51 COMPILER V9.03, COMPILATION OF MODULE SEQUNLED
OBJECT MODULE PLACED IN sequnled.OBJ
COMPILER INVOKED BY: C:\Keil\C51\BIN\C51.EXE sequnled.c BROWSE DEBUG OBJECTEXTEND

line level    source

   1          // program for LED on sequentially with P1 port uing delay
   2          
   3          
   4          #include<regx51.h>
   5                     void delayms(unsigned int i)
   6          {
   7   1       int c=0;
   8   1       while(c<i)
   9   1       {
  10   2        TMOD=0x01;
  11   2        TH0=0xFC;
  12   2        TL0=0x66;
  13   2        TR0=1;
  14   2        while(!TF0);
  15   2        TR0=0;
  16   2        TL0=0;
  17   2        c++;
  18   2       }
  19   1      
  20   1      }
  21          
  22          
  23          
  24          void main()
  25          {
  26   1      
  27   1      while(1)
  28   1      {
  29   2      P1=0x00;
  30   2      delayms(700);
  31   2      
  32   2      P1=0x01;
  33   2      delayms(700);
  34   2      
  35   2      P1=0x02;
  36   2      delayms(700);
  37   2      
  38   2      P1=0x04;
  39   2      delayms(700);
  40   2      
  41   2      P1=0x08;
  42   2      delayms(700);
  43   2      
  44   2      P1=0x10;
  45   2      delayms(700);
  46   2      
  47   2      P1=0x20;
  48   2      delayms(700);
  49   2      
  50   2      P1=0x40;
  51   2      delayms(700);
  52   2      
  53   2      
  54   2      P1=0x80;
  55   2      delayms(700);
C51 COMPILER V9.03   SEQUNLED                                                              02/14/2013 22:26:28 PAGE 2   

  56   2      
  57   2      
  58   2      }
  59   1      
  60   1      }


MODULE INFORMATION:   STATIC OVERLAYABLE
   CODE SIZE        =     97    ----
   CONSTANT SIZE    =   ----    ----
   XDATA SIZE       =   ----    ----
   PDATA SIZE       =   ----    ----
   DATA SIZE        =   ----    ----
   IDATA SIZE       =   ----    ----
   BIT SIZE         =   ----    ----
END OF MODULE INFORMATION.


C51 COMPILATION COMPLETE.  0 WARNING(S),  0 ERROR(S)
