C51 COMPILER V9.03   COUNTER                                                               02/14/2013 23:11:34 PAGE 1   


C51 COMPILER V9.03, COMPILATION OF MODULE COUNTER
OBJECT MODULE PLACED IN counter.OBJ
COMPILER INVOKED BY: C:\Keil\C51\BIN\C51.EXE counter.c BROWSE DEBUG OBJECTEXTEND

line level    source

   1                   /*program for 0-9 counter in 7 segment display using P1 port
   2          connection 
   3          a-p1.0
   4          b-p1.1
   5          c-p1.2
   6          d-p1.3
   7          e-p1.4
   8          f-p1.5
   9          g-p1.6
  10          */
  11          
  12                                                  
  13                  
  14                  
  15          
  16          
  17          
  18          
  19          
  20          
  21          #include<regx51.h>
  22          
  23          
  24                                           void delayms(unsigned int i)
  25          {
  26   1       int c=0;
  27   1       while(c<i)
  28   1       {
  29   2        TMOD=0x01;
  30   2        TH0=0xFC;
  31   2        TL0=0x66;
  32   2        TR0=1;
  33   2        while(!TF0);
  34   2        TR0=0;
  35   2        TL0=0;
  36   2        c++;
  37   2       }
  38   1      
  39   1      }
  40          
  41          
  42          
  43          void main()
  44          {
  45   1                 P3=0x01;
  46   1        while(1)
  47   1      {
  48   2        P1=0x00;
  49   2        delayms(1000);
  50   2        P1=0x3F;
  51   2        delayms(10000);
  52   2        P1=0x06;
  53   2        delayms(10000);
  54   2        P1=0x5B;
  55   2        delayms(10000);
C51 COMPILER V9.03   COUNTER                                                               02/14/2013 23:11:34 PAGE 2   

  56   2        P1=0x4F;
  57   2        delayms(10000);
  58   2        P1=0x66;
  59   2        delayms(10000);
  60   2        P1=0x6D;
  61   2        delayms(10000);
  62   2        P1=0x7D;
  63   2        delayms(10000);
  64   2        P1=0x07;
  65   2        delayms(10000);
  66   2        P1=0x7F;
  67   2        delayms(10000);
  68   2        P1=0x6F;
  69   2       delayms(10000);
  70   2      }
  71   1      
  72   1      
  73   1      }


MODULE INFORMATION:   STATIC OVERLAYABLE
   CODE SIZE        =    116    ----
   CONSTANT SIZE    =   ----    ----
   XDATA SIZE       =   ----    ----
   PDATA SIZE       =   ----    ----
   DATA SIZE        =   ----    ----
   IDATA SIZE       =   ----    ----
   BIT SIZE         =   ----    ----
END OF MODULE INFORMATION.


C51 COMPILATION COMPLETE.  0 WARNING(S),  0 ERROR(S)
