C51 COMPILER V9.03   EIGHT                                                                 02/14/2013 23:10:22 PAGE 1   


C51 COMPILER V9.03, COMPILATION OF MODULE EIGHT
OBJECT MODULE PLACED IN eight.OBJ
COMPILER INVOKED BY: C:\Keil\C51\BIN\C51.EXE eight.c BROWSE DEBUG OBJECTEXTEND

line level    source

   1          /*program for printing value 8 in 7 segment display using P1 port
   2          connection 
   3          a-p1.0
   4          b-p1.1
   5          c-p1.2
   6          d-p1.3
   7          e-p1.4
   8          f-p1.5
   9          g-p1.6
  10          */
  11          
  12                                                  
  13                  
  14                  
  15                          #include<regx51.h>                                                                                                                                                                                                
  16          
  17          
  18          void main()
  19          {
  20   1       P1=0x7F;         
  21   1       P3=0x01;
  22   1       
  23   1      }


MODULE INFORMATION:   STATIC OVERLAYABLE
   CODE SIZE        =      7    ----
   CONSTANT SIZE    =   ----    ----
   XDATA SIZE       =   ----    ----
   PDATA SIZE       =   ----    ----
   DATA SIZE        =   ----    ----
   IDATA SIZE       =   ----    ----
   BIT SIZE         =   ----    ----
END OF MODULE INFORMATION.


C51 COMPILATION COMPLETE.  0 WARNING(S),  0 ERROR(S)
